${projpath}/results
${projpath}/results/quality_analysis
${projpath}/results/quality_analysis/analysis_quality.log
${projpath}/results/quality_analysis/R_fastqc.zip
${projpath}/results/quality_analysis/F_fastqc.zip
${projpath}/results/quality_analysis/R_fastqc.html
${projpath}/results/quality_analysis/F_fastqc.html
${projpath}/results/analysis.log
${projpath}/results/logs
${projpath}/results/logs/${projname}.20141022-16.44_param.txt
${projpath}/results/output
${projpath}/results/output/${projname}.R1.count.txt
${projpath}/results/output/${projname}.R2.count.txt
${projpath}/results/output/${projname}.contig.count.txt
${projpath}/results/output/reads.txt
${projpath}/results/output/stats.txt
${projpath}/results/output/tmp
${projpath}/results/output/tmp/tmp.txt
${projpath}/results/output/tmp/tmp2.txt
${projpath}/results/output/tmp/tmp3.txt
${projpath}/results/output/qstats.txt
${projpath}/results/output/${projname}.aug.report.txt
${projpath}/results/output/contig.${projname}.top.report.txt
${projpath}/results/output/contig.${projname}.top.phylo.txt
${projpath}/results/output/R1.${projname}.top.phylo.txt
${projpath}/results/output/R2.${projname}.top.phylo.txt
${projpath}/results/output/2.contig.noblast.fasta
${projpath}/results/output/out.cap.fa
